<?xml version="1.0" encoding="UTF-8"?>
<testng-results ignored="0" total="1" passed="1" failed="0" skipped="0">
  <reporter-output>
  </reporter-output>
  <suite started-at="2024-03-23T10:18:18 IST" name="Suite" finished-at="2024-03-23T10:18:32 IST" duration-ms="13654">
    <groups>
    </groups>
    <test started-at="2024-03-23T10:18:18 IST" name="Test" finished-at="2024-03-23T10:18:32 IST" duration-ms="13654">
      <class name="TestBase.TestBase">
        <test-method signature="testLoginPage()[pri:0, instance:TestBase.TestBase@7c7a06ec]" started-at="2024-03-23T10:18:18 IST" name="testLoginPage" finished-at="2024-03-23T10:18:31 IST" duration-ms="12671" status="PASS">
          <reporter-output>
          </reporter-output>
        </test-method> <!-- testLoginPage -->
        <test-method is-config="true" signature="closure()[pri:0, instance:TestBase.TestBase@7c7a06ec]" started-at="2024-03-23T10:18:31 IST" name="closure" finished-at="2024-03-23T10:18:32 IST" duration-ms="938" status="PASS">
          <reporter-output>
          </reporter-output>
        </test-method> <!-- closure -->
      </class> <!-- TestBase.TestBase -->
    </test> <!-- Test -->
  </suite> <!-- Suite -->
</testng-results>
